  ObserverPattern.h
  Application.cpp
D:\Skola\ThirdYear\winter\ZPG\viceObjektuOpenGL\Source\Application.cpp(1,10): error C1083: Cannot open include file: 'Application.h': No such file or directory
  Camera.cpp
D:\Skola\ThirdYear\winter\ZPG\viceObjektuOpenGL\Source\Camera.cpp(1,10): error C1083: Cannot open include file: 'Application.h': No such file or directory
  DrawableObject.cpp
D:\Skola\ThirdYear\winter\ZPG\viceObjektuOpenGL\Source\DrawableObject.cpp(1,10): error C1083: Cannot open include file: 'DrawableObject.h': No such file or directory
  main.cpp
D:\Skola\ThirdYear\winter\ZPG\viceObjektuOpenGL\Source\main.cpp(2,10): error C1083: Cannot open include file: 'GL/glew.h': No such file or directory
  Material.cpp
D:\Skola\ThirdYear\winter\ZPG\viceObjektuOpenGL\Source\Material.cpp(1,10): error C1083: Cannot open include file: 'Material.h': No such file or directory
  Model.cpp
D:\Skola\ThirdYear\winter\ZPG\viceObjektuOpenGL\Source\Model.cpp(1,10): error C1083: Cannot open include file: 'Model.h': No such file or directory
  ModelManager.cpp
D:\Skola\ThirdYear\winter\ZPG\viceObjektuOpenGL\Source\ModelManager.cpp(1,10): error C1083: Cannot open include file: 'ModelManager.h': No such file or directory
  Lights.cpp
D:\Skola\ThirdYear\winter\ZPG\viceObjektuOpenGL\Source\Lights.cpp(1,10): error C1083: Cannot open include file: 'DrawableObject.h': No such file or directory
  Scene.cpp
D:\Skola\ThirdYear\winter\ZPG\viceObjektuOpenGL\Source\Scene.cpp(1,10): error C1083: Cannot open include file: 'Scene.h': No such file or directory
  SceneCreator.cpp
D:\Skola\ThirdYear\winter\ZPG\viceObjektuOpenGL\Source\SceneCreator.cpp(1,10): error C1083: Cannot open include file: 'SceneCreator.h': No such file or directory
  Shader.cpp
D:\Skola\ThirdYear\winter\ZPG\viceObjektuOpenGL\Source\Shader.cpp(1,10): error C1083: Cannot open include file: 'Shader.h': No such file or directory
  ShaderLoader.cpp
D:\Skola\ThirdYear\winter\ZPG\viceObjektuOpenGL\Source\ShaderLoader.cpp(1,10): error C1083: Cannot open include file: 'ShaderLoader.h': No such file or directory
  ShaderManager.cpp
D:\Skola\ThirdYear\winter\ZPG\viceObjektuOpenGL\Source\ShaderManager.cpp(1,10): error C1083: Cannot open include file: 'ShaderManager.h': No such file or directory
  ShaderProgram.cpp
D:\Skola\ThirdYear\winter\ZPG\viceObjektuOpenGL\Source\ShaderProgram.cpp(1,10): error C1083: Cannot open include file: 'ShaderProgram.h': No such file or directory
  SkyBox.cpp
D:\Skola\ThirdYear\winter\ZPG\viceObjektuOpenGL\Source\SkyBox.cpp(1,10): error C1083: Cannot open include file: 'SkyBox.h': No such file or directory
  Texture.cpp
D:\Skola\ThirdYear\winter\ZPG\viceObjektuOpenGL\Source\Texture.cpp(1,10): error C1083: Cannot open include file: 'Texture.h': No such file or directory
  TextureManager.cpp
D:\Skola\ThirdYear\winter\ZPG\viceObjektuOpenGL\Source\TextureManager.cpp(1,10): error C1083: Cannot open include file: 'TextureManager.h': No such file or directory
  Transformation.cpp
D:\Skola\ThirdYear\winter\ZPG\viceObjektuOpenGL\Source\Transformation.cpp(1,10): error C1083: Cannot open include file: 'Transformation.h': No such file or directory
  TransformFucntions.cpp
D:\Skola\ThirdYear\winter\ZPG\viceObjektuOpenGL\Source\TransformFucntions.cpp(1,10): error C1083: Cannot open include file: 'TransformFunctions.h': No such file or directory
