d:\skola\thirdyear\winter\zpg\viceobjektuopengl\viceobje.c895c7f2\x64\debug\vc143.pdb
d:\skola\thirdyear\winter\zpg\viceobjektuopengl\viceobje.c895c7f2\x64\debug\vc143.idb
d:\skola\thirdyear\winter\zpg\viceobjektuopengl\viceobje.c895c7f2\x64\debug\main.obj
d:\skola\thirdyear\winter\zpg\viceobjektuopengl\viceobje.c895c7f2\x64\debug\viceobjektuopengl.ilk
d:\skola\thirdyear\winter\zpg\viceobjektuopengl\x64\debug\viceobjektuopengl.pdb
d:\skola\thirdyear\winter\zpg\viceobjektuopengl\viceobje.c895c7f2\x64\debug\viceobje.c895c7f2.tlog\cl.command.1.tlog
d:\skola\thirdyear\winter\zpg\viceobjektuopengl\viceobje.c895c7f2\x64\debug\viceobje.c895c7f2.tlog\cl.items.tlog
d:\skola\thirdyear\winter\zpg\viceobjektuopengl\viceobje.c895c7f2\x64\debug\viceobje.c895c7f2.tlog\cl.read.1.tlog
d:\skola\thirdyear\winter\zpg\viceobjektuopengl\viceobje.c895c7f2\x64\debug\viceobje.c895c7f2.tlog\cl.write.1.tlog
d:\skola\thirdyear\winter\zpg\viceobjektuopengl\viceobje.c895c7f2\x64\debug\viceobje.c895c7f2.tlog\link-cvtres.read.1.tlog
d:\skola\thirdyear\winter\zpg\viceobjektuopengl\viceobje.c895c7f2\x64\debug\viceobje.c895c7f2.tlog\link-cvtres.write.1.tlog
d:\skola\thirdyear\winter\zpg\viceobjektuopengl\viceobje.c895c7f2\x64\debug\viceobje.c895c7f2.tlog\link-rc.read.1.tlog
d:\skola\thirdyear\winter\zpg\viceobjektuopengl\viceobje.c895c7f2\x64\debug\viceobje.c895c7f2.tlog\link-rc.write.1.tlog
d:\skola\thirdyear\winter\zpg\viceobjektuopengl\viceobje.c895c7f2\x64\debug\viceobje.c895c7f2.tlog\link.15848-cvtres.read.1.tlog
d:\skola\thirdyear\winter\zpg\viceobjektuopengl\viceobje.c895c7f2\x64\debug\viceobje.c895c7f2.tlog\link.15848-cvtres.write.1.tlog
d:\skola\thirdyear\winter\zpg\viceobjektuopengl\viceobje.c895c7f2\x64\debug\viceobje.c895c7f2.tlog\link.15848-rc.read.1.tlog
d:\skola\thirdyear\winter\zpg\viceobjektuopengl\viceobje.c895c7f2\x64\debug\viceobje.c895c7f2.tlog\link.15848-rc.write.1.tlog
d:\skola\thirdyear\winter\zpg\viceobjektuopengl\viceobje.c895c7f2\x64\debug\viceobje.c895c7f2.tlog\link.15848.read.1.tlog
d:\skola\thirdyear\winter\zpg\viceobjektuopengl\viceobje.c895c7f2\x64\debug\viceobje.c895c7f2.tlog\link.15848.read.2.tlog
d:\skola\thirdyear\winter\zpg\viceobjektuopengl\viceobje.c895c7f2\x64\debug\viceobje.c895c7f2.tlog\link.15848.read.3.tlog
d:\skola\thirdyear\winter\zpg\viceobjektuopengl\viceobje.c895c7f2\x64\debug\viceobje.c895c7f2.tlog\link.15848.read.4.tlog
d:\skola\thirdyear\winter\zpg\viceobjektuopengl\viceobje.c895c7f2\x64\debug\viceobje.c895c7f2.tlog\link.15848.write.1.tlog
d:\skola\thirdyear\winter\zpg\viceobjektuopengl\viceobje.c895c7f2\x64\debug\viceobje.c895c7f2.tlog\link.command.1.tlog
d:\skola\thirdyear\winter\zpg\viceobjektuopengl\viceobje.c895c7f2\x64\debug\viceobje.c895c7f2.tlog\link.read.1.tlog
d:\skola\thirdyear\winter\zpg\viceobjektuopengl\viceobje.c895c7f2\x64\debug\viceobje.c895c7f2.tlog\link.read.2.tlog
d:\skola\thirdyear\winter\zpg\viceobjektuopengl\viceobje.c895c7f2\x64\debug\viceobje.c895c7f2.tlog\link.read.3.tlog
d:\skola\thirdyear\winter\zpg\viceobjektuopengl\viceobje.c895c7f2\x64\debug\viceobje.c895c7f2.tlog\link.read.4.tlog
d:\skola\thirdyear\winter\zpg\viceobjektuopengl\viceobje.c895c7f2\x64\debug\viceobje.c895c7f2.tlog\link.secondary.1.tlog
d:\skola\thirdyear\winter\zpg\viceobjektuopengl\viceobje.c895c7f2\x64\debug\viceobje.c895c7f2.tlog\link.write.1.tlog
